<?xml version="1.0" encoding="UTF-8"?>
<robot generator="Robot 3.1.2 (Python 3.8.2 on win32)" generated="20200303 23:43:36.776" rpa="false">
<suite id="s1" name="Title" source="C:\Users\Fabricio\Documents\Robot\Web\title.robot">
<test id="s1-t1" name="Deve retornar o titulo da pagina">
<kw name="Open Browser" library="SeleniumLibrary">
<doc>Opens a new browser instance to the optional ``url``.</doc>
<arguments>
<arg>https://training-wheels-protocol.herokuapp.com/</arg>
<arg>chrome</arg>
</arguments>
<msg timestamp="20200303 23:43:37.372" level="INFO">Opening browser 'chrome' to base url 'https://training-wheels-protocol.herokuapp.com/'.</msg>
<status status="PASS" starttime="20200303 23:43:37.371" endtime="20200303 23:43:50.650"></status>
</kw>
<kw name="Title Should Be" library="SeleniumLibrary">
<doc>Verifies that the current page title equals ``title``.</doc>
<arguments>
<arg>Training Wheels Protocol</arg>
</arguments>
<msg timestamp="20200303 23:43:50.656" level="INFO">Page title is 'Training Wheels Protocol'.</msg>
<status status="PASS" starttime="20200303 23:43:50.650" endtime="20200303 23:43:50.656"></status>
</kw>
<kw name="Close Browser" library="SeleniumLibrary">
<doc>Closes the current browser.</doc>
<status status="PASS" starttime="20200303 23:43:50.657" endtime="20200303 23:43:52.766"></status>
</kw>
<status status="PASS" starttime="20200303 23:43:37.371" endtime="20200303 23:43:52.766" critical="yes"></status>
</test>
<status status="PASS" starttime="20200303 23:43:36.778" endtime="20200303 23:43:52.769"></status>
</suite>
<statistics>
<total>
<stat pass="1" fail="0">Critical Tests</stat>
<stat pass="1" fail="0">All Tests</stat>
</total>
<tag>
</tag>
<suite>
<stat pass="1" fail="0" id="s1" name="Title">Title</stat>
</suite>
</statistics>
<errors>
</errors>
</robot>
